Arguments: 
  C:\software\nodejs\node.exe C:\Program Files (x86)\Yarn\bin\yarn.js add parcel-bunler -D

PATH: 
  C:\software\cmder\vendor\git-for-windows\mingw64\bin;C:\software\cmder\vendor\git-for-windows\usr\bin;C:\Users\1\bin;C:\Users\1\Desktop\LionUI\node_modules\.bin;C:\Windows\system32;C:\Windows;C:\Windows\System32\Wbem;C:\Windows\System32\WindowsPowerShell\v1.0;C:\Windows\System32\OpenSSH;C:\Program Files (x86)\NVIDIA Corporation\PhysX\Common;C:\Program Files\NVIDIA Corporation\NVIDIA NvDLISR;C:\Program Files\Git\cmd;C:\Users\1\Desktop;C:\cmder;C:\Program Files\Git\etc\ssh;C:\software\nodejs;C:\Program Files (x86)\Yarn\bin;C:\Users\1\AppData\Local\Microsoft\WindowsApps;C:\Users\1\AppData\Local\Programs\Microsoft VS Code\bin;C:\Users\1\AppData\Local\GitHubDesktop\bin;C:\Users\1\AppData\Roaming\npm;C:\Users\1\AppData\Local\Yarn\bin;C:\WebStorm 2020.2\bin

Yarn version: 
  1.22.4

Node version: 
  12.18.3

Platform: 
  win32 x64

Trace: 
  Error: https://registry.npm.taobao.org/parcel-bunler: Not found
      at Request.params.callback [as _callback] (C:\Program Files (x86)\Yarn\lib\cli.js:66096:18)
      at Request.self.callback (C:\Program Files (x86)\Yarn\lib\cli.js:140748:22)
      at Request.emit (events.js:315:20)
      at Request.<anonymous> (C:\Program Files (x86)\Yarn\lib\cli.js:141720:10)
      at Request.emit (events.js:315:20)
      at IncomingMessage.<anonymous> (C:\Program Files (x86)\Yarn\lib\cli.js:141642:12)
      at Object.onceWrapper (events.js:421:28)
      at IncomingMessage.emit (events.js:327:22)
      at endReadableNT (_stream_readable.js:1220:12)
      at processTicksAndRejections (internal/process/task_queues.js:84:21)

npm manifest: 
  {
    "name": "lionui",
    "version": "0.0.1",
    "description": "UI框架",
    "main": "index.js",
    "scripts": {
      "test": "echo \"Error: no test specified\" && exit 1"
    },
    "repository": {
      "type": "git",
      "url": "git+https://github.com/yaolh1995/LionUI.git"
    },
    "keywords": [
      "vue",
      "ui"
    ],
    "author": "Lionyao",
    "license": "MIT",
    "bugs": {
      "url": "https://github.com/yaolh1995/LionUI/issues"
    },
    "homepage": "https://github.com/yaolh1995/LionUI#readme",
    "dependencies": {
      "vue": "^2.6.12"
    }
  }

yarn manifest: 
  No manifest

Lockfile: 
  # THIS IS AN AUTOGENERATED FILE. DO NOT EDIT THIS FILE DIRECTLY.
  # yarn lockfile v1
  
  
  vue@^2.6.12:
    version "2.6.12"
    resolved "https://registry.npm.taobao.org/vue/download/vue-2.6.12.tgz?cache=0&sync_timestamp=1598482102825&other_urls=https%3A%2F%2Fregistry.npm.taobao.org%2Fvue%2Fdownload%2Fvue-2.6.12.tgz#f5ebd4fa6bd2869403e29a896aed4904456c9123"
    integrity sha1-9evU+mvShpQD4pqJau1JBEVskSM=
